0 info it worked if it ends with ok
1 verbose cli [ '/usr/bin/node', '/usr/bin/npm', 'run', 'client' ]
2 info using npm@3.5.2
3 info using node@v8.10.0
4 verbose run-script [ 'preclient', 'client', 'postclient' ]
5 info lifecycle reactexpress@1.0.0~preclient: reactexpress@1.0.0
6 silly lifecycle reactexpress@1.0.0~preclient: no script for preclient, continuing
7 info lifecycle reactexpress@1.0.0~client: reactexpress@1.0.0
8 verbose lifecycle reactexpress@1.0.0~client: unsafe-perm in lifecycle true
9 verbose lifecycle reactexpress@1.0.0~client: PATH: /usr/share/npm/bin/node-gyp-bin:/mnt/c/__websites/new react/node_modules/.bin:/usr/share/npm/bin/node-gyp-bin:/mnt/c/__websites/new react/node_modules/.bin:/usr/local/sbin:/usr/local/bin:/usr/sbin:/usr/bin:/sbin:/bin:/usr/games:/usr/local/games:/mnt/c/Program Files (x86)/Common Files/Intel/Shared Libraries/redist/intel64/compiler:/mnt/c/Program Files (x86)/Intel/iCLS Client/:/mnt/c/Program Files/Intel/iCLS Client/:/mnt/c/WINDOWS/system32:/mnt/c/WINDOWS:/mnt/c/WINDOWS/System32/Wbem:/mnt/c/WINDOWS/System32/WindowsPowerShell/v1.0/:/mnt/c/Program Files (x86)/Intel/Intel(R) Management Engine Components/DAL:/mnt/c/Program Files/Intel/Intel(R) Management Engine Components/DAL:/mnt/c/Program Files (x86)/Intel/Intel(R) Management Engine Components/IPT:/mnt/c/Program Files/Intel/Intel(R) Management Engine Components/IPT:/mnt/c/Program Files (x86)/Brackets/command:/mnt/c/WINDOWS/System32/OpenSSH/:/mnt/c/Program Files/Intel/WiFi/bin/:/mnt/c/Program Files/Common Files/Intel/WirelessCommon/:/mnt/c/Program Files (x86)/Airtame:/mnt/c/Program Files/Git/cmd:/mnt/c/Program Files/dotnet/:/mnt/c/Program Files/nodejs/:/mnt/c/Users/Jesper/AppData/Local/Microsoft/WindowsApps:/mnt/c/Users/Jesper/AppData/Local/Programs/Microsoft VS Code/bin:/mnt/c/Program Files/JetBrains/PhpStorm 2019.1/bin:/mnt/c/Program Files (x86)/Nmap:/mnt/c/Users/Jesper/AppData/Roaming/npm:/snap/bin
10 verbose lifecycle reactexpress@1.0.0~client: CWD: /mnt/c/__websites/new react
11 silly lifecycle reactexpress@1.0.0~client: Args: [ '-c', 'npm start --prefix client' ]
12 silly lifecycle reactexpress@1.0.0~client: Returned: code: 1  signal: null
13 info lifecycle reactexpress@1.0.0~client: Failed to exec client script
14 verbose stack Error: reactexpress@1.0.0 client: `npm start --prefix client`
14 verbose stack Exit status 1
14 verbose stack     at EventEmitter.<anonymous> (/usr/share/npm/lib/utils/lifecycle.js:232:16)
14 verbose stack     at emitTwo (events.js:126:13)
14 verbose stack     at EventEmitter.emit (events.js:214:7)
14 verbose stack     at ChildProcess.<anonymous> (/usr/share/npm/lib/utils/spawn.js:24:14)
14 verbose stack     at emitTwo (events.js:126:13)
14 verbose stack     at ChildProcess.emit (events.js:214:7)
14 verbose stack     at maybeClose (internal/child_process.js:925:16)
14 verbose stack     at Process.ChildProcess._handle.onexit (internal/child_process.js:209:5)
15 verbose pkgid reactexpress@1.0.0
16 verbose cwd /mnt/c/__websites/new react
17 error Linux 4.4.0-18956-Microsoft
18 error argv "/usr/bin/node" "/usr/bin/npm" "run" "client"
19 error node v8.10.0
20 error npm  v3.5.2
21 error code ELIFECYCLE
22 error reactexpress@1.0.0 client: `npm start --prefix client`
22 error Exit status 1
23 error Failed at the reactexpress@1.0.0 client script 'npm start --prefix client'.
23 error Make sure you have the latest version of node.js and npm installed.
23 error If you do, this is most likely a problem with the reactexpress package,
23 error not with npm itself.
23 error Tell the author that this fails on your system:
23 error     npm start --prefix client
23 error You can get information on how to open an issue for this project with:
23 error     npm bugs reactexpress
23 error Or if that isn't available, you can get their info via:
23 error     npm owner ls reactexpress
23 error There is likely additional logging output above.
24 verbose exit [ 1, true ]
